<?xml version="1.0" encoding="UTF-8"?>
<!-- Generated by org.testng.reporters.JUnitXMLReporter -->
<testsuite ignored="0" hostname="DESKTOP-EVNKM3L" failures="0" tests="3" name="Default test" time="19.426" errors="0" timestamp="2024-03-25T10:13:45 IST">
  <testcase classname="Testcripts.LoginTest" name="loginWithoutCredentials" time="0.998"/>
  <testcase classname="Testcripts.LoginTest" name="loginWithInvalidCredentials" time="1.34"/>
  <testcase classname="Testcripts.LoginTest" name="loginWithValidCredentials" time="1.109"/>
</testsuite> <!-- Default test -->
