<?xml version="1.0" encoding="UTF-8"?>
<!-- Generated by org.testng.reporters.JUnitXMLReporter -->
<testsuite ignored="0" hostname="DESKTOP-EVNKM3L" failures="1" tests="6" name="Test" time="34.343" errors="0" timestamp="2024-03-27T17:19:13 IST">
  <testcase classname="Testcripts.RigisterTest" name="rigister" time="1.885"/>
  <testcase classname="Testcripts.RigisterTest" name="registerWithoutPrivacyCheckBox" time="1.271"/>
  <testcase classname="Testcripts.RigisterTest" name="registerWithUsedEmail" time="1.376">
    <failure type="java.lang.AssertionError" message="expected [Warning: E-Mail Address is already registered!j] but found [Warning: E-Mail Address is already registered!]">
      <![CDATA[java.lang.AssertionError: expected [Warning: E-Mail Address is already registered!j] but found [Warning: E-Mail Address is already registered!]
at Testcripts.RigisterTest.registerWithUsedEmail(RigisterTest.java:35)
at java.base/java.util.ArrayList.forEach(ArrayList.java:1511)
... Removed 33 stack frames]]>
    </failure>
  </testcase> <!-- registerWithUsedEmail -->
  <testcase classname="Testcripts.LoginTest" name="loginWithoutCredentials" time="10.997"/>
  <testcase classname="Testcripts.LoginTest" name="loginWithInvalidCredentials" time="1.04"/>
  <testcase classname="Testcripts.LoginTest" name="loginWithValidCredentials" time="0.969"/>
</testsuite> <!-- Test -->
