<?xml version="1.0" encoding="UTF-8"?>
<!-- Generated by org.testng.reporters.JUnitXMLReporter -->
<testsuite ignored="0" hostname="DESKTOP-EVNKM3L" failures="0" tests="10" name="Test" time="67.355" errors="0" timestamp="2024-10-01T10:04:24 IST">
  <testcase classname="Testcripts.RegisterTest" name="registerWithoutFillingTest" time="1.49"/>
  <testcase classname="Testcripts.RegisterTest" name="rigisterTest" time="1.868"/>
  <testcase classname="Testcripts.RegisterTest" name="registerWithoutPrivacyCheckBoxTest" time="6.602"/>
  <testcase classname="Testcripts.RegisterTest" name="registerWithUsedEmailTest" time="6.32"/>
  <testcase classname="Testcripts.LoginTest" name="loginWIthDataProviderTest" time="6.188"/>
  <testcase classname="Testcripts.LoginTest" name="loginWIthDataProviderTest" time="6.398"/>
  <testcase classname="Testcripts.LoginTest" name="loginWIthDataProviderTest" time="6.346"/>
  <testcase classname="Testcripts.LoginTest" name="loginWithoutCredentialsTest" time="1.114"/>
  <testcase classname="Testcripts.LoginTest" name="loginWithInvalidCredentialsTest" time="0.998"/>
  <testcase classname="Testcripts.LoginTest" name="loginWithValidCredentialsTest" time="1.011"/>
</testsuite> <!-- Test -->
