<?xml version="1.0" encoding="UTF-8"?>
<testng-results ignored="0" total="10" passed="10" failed="0" skipped="0">
  <reporter-output>
  </reporter-output>
  <suite started-at="2024-10-01T10:03:15 IST" name="Suite" finished-at="2024-10-01T10:04:23 IST" duration-ms="67355">
    <groups>
    </groups>
    <test started-at="2024-10-01T10:03:15 IST" name="Test" finished-at="2024-10-01T10:04:23 IST" duration-ms="67355">
      <class name="Testcripts.LoginTest">
        <test-method is-config="true" signature="launchApp()[pri:0, instance:Testcripts.LoginTest@55cb6996]" started-at="2024-10-01T10:03:47 IST" name="launchApp" finished-at="2024-10-01T10:03:49 IST" duration-ms="1886" status="PASS">
          <reporter-output>
          </reporter-output>
        </test-method> <!-- launchApp -->
        <test-method signature="loginWIthDataProviderTest(java.lang.String,java.lang.String)[pri:0, instance:Testcripts.LoginTest@55cb6996]" started-at="2024-10-01T10:03:49 IST" name="loginWIthDataProviderTest" data-provider="credentials" finished-at="2024-10-01T10:03:55 IST" duration-ms="6188" status="PASS">
          <params>
            <param index="0">
              <value>
                <![CDATA[email1@gmail.com]]>
              </value>
            </param>
            <param index="1">
              <value>
                <![CDATA[password1]]>
              </value>
            </param>
          </params>
          <reporter-output>
          </reporter-output>
        </test-method> <!-- loginWIthDataProviderTest -->
        <test-method is-config="true" signature="closeApp()[pri:0, instance:Testcripts.LoginTest@55cb6996]" started-at="2024-10-01T10:03:55 IST" name="closeApp" finished-at="2024-10-01T10:03:55 IST" duration-ms="185" status="PASS">
          <reporter-output>
          </reporter-output>
        </test-method> <!-- closeApp -->
        <test-method is-config="true" signature="launchApp()[pri:0, instance:Testcripts.LoginTest@55cb6996]" started-at="2024-10-01T10:03:55 IST" name="launchApp" finished-at="2024-10-01T10:03:57 IST" duration-ms="1565" status="PASS">
          <reporter-output>
          </reporter-output>
        </test-method> <!-- launchApp -->
        <test-method signature="loginWIthDataProviderTest(java.lang.String,java.lang.String)[pri:0, instance:Testcripts.LoginTest@55cb6996]" started-at="2024-10-01T10:03:57 IST" name="loginWIthDataProviderTest" data-provider="credentials" finished-at="2024-10-01T10:04:03 IST" duration-ms="6398" status="PASS">
          <params>
            <param index="0">
              <value>
                <![CDATA[email2@gmail.com]]>
              </value>
            </param>
            <param index="1">
              <value>
                <![CDATA[password2]]>
              </value>
            </param>
          </params>
          <reporter-output>
          </reporter-output>
        </test-method> <!-- loginWIthDataProviderTest -->
        <test-method is-config="true" signature="closeApp()[pri:0, instance:Testcripts.LoginTest@55cb6996]" started-at="2024-10-01T10:04:03 IST" name="closeApp" finished-at="2024-10-01T10:04:04 IST" duration-ms="245" status="PASS">
          <reporter-output>
          </reporter-output>
        </test-method> <!-- closeApp -->
        <test-method is-config="true" signature="launchApp()[pri:0, instance:Testcripts.LoginTest@55cb6996]" started-at="2024-10-01T10:04:04 IST" name="launchApp" finished-at="2024-10-01T10:04:05 IST" duration-ms="1772" status="PASS">
          <reporter-output>
          </reporter-output>
        </test-method> <!-- launchApp -->
        <test-method signature="loginWIthDataProviderTest(java.lang.String,java.lang.String)[pri:0, instance:Testcripts.LoginTest@55cb6996]" started-at="2024-10-01T10:04:05 IST" name="loginWIthDataProviderTest" data-provider="credentials" finished-at="2024-10-01T10:04:12 IST" duration-ms="6346" status="PASS">
          <params>
            <param index="0">
              <value>
                <![CDATA[email3@gmail.com]]>
              </value>
            </param>
            <param index="1">
              <value>
                <![CDATA[password3]]>
              </value>
            </param>
          </params>
          <reporter-output>
          </reporter-output>
        </test-method> <!-- loginWIthDataProviderTest -->
        <test-method is-config="true" signature="closeApp()[pri:0, instance:Testcripts.LoginTest@55cb6996]" started-at="2024-10-01T10:04:12 IST" name="closeApp" finished-at="2024-10-01T10:04:12 IST" duration-ms="280" status="PASS">
          <reporter-output>
          </reporter-output>
        </test-method> <!-- closeApp -->
        <test-method is-config="true" signature="launchApp()[pri:0, instance:Testcripts.LoginTest@55cb6996]" started-at="2024-10-01T10:04:12 IST" name="launchApp" finished-at="2024-10-01T10:04:14 IST" duration-ms="2535" status="PASS">
          <reporter-output>
          </reporter-output>
        </test-method> <!-- launchApp -->
        <test-method signature="loginWithoutCredentialsTest()[pri:1, instance:Testcripts.LoginTest@55cb6996]" started-at="2024-10-01T10:04:14 IST" name="loginWithoutCredentialsTest" finished-at="2024-10-01T10:04:16 IST" duration-ms="1114" status="PASS">
          <reporter-output>
          </reporter-output>
        </test-method> <!-- loginWithoutCredentialsTest -->
        <test-method is-config="true" signature="closeApp()[pri:0, instance:Testcripts.LoginTest@55cb6996]" started-at="2024-10-01T10:04:16 IST" name="closeApp" finished-at="2024-10-01T10:04:16 IST" duration-ms="253" status="PASS">
          <reporter-output>
          </reporter-output>
        </test-method> <!-- closeApp -->
        <test-method is-config="true" signature="launchApp()[pri:0, instance:Testcripts.LoginTest@55cb6996]" started-at="2024-10-01T10:04:16 IST" name="launchApp" finished-at="2024-10-01T10:04:18 IST" duration-ms="2132" status="PASS">
          <reporter-output>
          </reporter-output>
        </test-method> <!-- launchApp -->
        <test-method signature="loginWithInvalidCredentialsTest()[pri:2, instance:Testcripts.LoginTest@55cb6996]" started-at="2024-10-01T10:04:18 IST" name="loginWithInvalidCredentialsTest" finished-at="2024-10-01T10:04:19 IST" duration-ms="998" status="PASS">
          <reporter-output>
          </reporter-output>
        </test-method> <!-- loginWithInvalidCredentialsTest -->
        <test-method is-config="true" signature="closeApp()[pri:0, instance:Testcripts.LoginTest@55cb6996]" started-at="2024-10-01T10:04:19 IST" name="closeApp" finished-at="2024-10-01T10:04:20 IST" duration-ms="706" status="PASS">
          <reporter-output>
          </reporter-output>
        </test-method> <!-- closeApp -->
        <test-method is-config="true" signature="launchApp()[pri:0, instance:Testcripts.LoginTest@55cb6996]" started-at="2024-10-01T10:04:20 IST" name="launchApp" finished-at="2024-10-01T10:04:22 IST" duration-ms="1938" status="PASS">
          <reporter-output>
          </reporter-output>
        </test-method> <!-- launchApp -->
        <test-method signature="loginWithValidCredentialsTest()[pri:3, instance:Testcripts.LoginTest@55cb6996]" started-at="2024-10-01T10:04:22 IST" name="loginWithValidCredentialsTest" finished-at="2024-10-01T10:04:23 IST" duration-ms="1011" status="PASS">
          <reporter-output>
          </reporter-output>
        </test-method> <!-- loginWithValidCredentialsTest -->
        <test-method is-config="true" signature="closeApp()[pri:0, instance:Testcripts.LoginTest@55cb6996]" started-at="2024-10-01T10:04:23 IST" name="closeApp" finished-at="2024-10-01T10:04:23 IST" duration-ms="193" status="PASS">
          <reporter-output>
          </reporter-output>
        </test-method> <!-- closeApp -->
      </class> <!-- Testcripts.LoginTest -->
      <class name="Testcripts.RegisterTest">
        <test-method is-config="true" signature="launchApp()[pri:0, instance:Testcripts.RegisterTest@593aaf41]" started-at="2024-10-01T10:03:16 IST" name="launchApp" finished-at="2024-10-01T10:03:21 IST" duration-ms="4925" status="PASS">
          <reporter-output>
          </reporter-output>
        </test-method> <!-- launchApp -->
        <test-method signature="registerWithoutFillingTest()[pri:1, instance:Testcripts.RegisterTest@593aaf41]" started-at="2024-10-01T10:03:21 IST" name="registerWithoutFillingTest" finished-at="2024-10-01T10:03:22 IST" duration-ms="1490" status="PASS">
          <reporter-output>
          </reporter-output>
        </test-method> <!-- registerWithoutFillingTest -->
        <test-method is-config="true" signature="closeApp()[pri:0, instance:Testcripts.RegisterTest@593aaf41]" started-at="2024-10-01T10:03:22 IST" name="closeApp" finished-at="2024-10-01T10:03:23 IST" duration-ms="372" status="PASS">
          <reporter-output>
          </reporter-output>
        </test-method> <!-- closeApp -->
        <test-method is-config="true" signature="launchApp()[pri:0, instance:Testcripts.RegisterTest@593aaf41]" started-at="2024-10-01T10:03:23 IST" name="launchApp" finished-at="2024-10-01T10:03:27 IST" duration-ms="3800" status="PASS">
          <reporter-output>
          </reporter-output>
        </test-method> <!-- launchApp -->
        <test-method signature="rigisterTest()[pri:2, instance:Testcripts.RegisterTest@593aaf41]" started-at="2024-10-01T10:03:27 IST" name="rigisterTest" finished-at="2024-10-01T10:03:28 IST" duration-ms="1868" status="PASS">
          <reporter-output>
          </reporter-output>
        </test-method> <!-- rigisterTest -->
        <test-method is-config="true" signature="closeApp()[pri:0, instance:Testcripts.RegisterTest@593aaf41]" started-at="2024-10-01T10:03:28 IST" name="closeApp" finished-at="2024-10-01T10:03:29 IST" duration-ms="332" status="PASS">
          <reporter-output>
          </reporter-output>
        </test-method> <!-- closeApp -->
        <test-method is-config="true" signature="launchApp()[pri:0, instance:Testcripts.RegisterTest@593aaf41]" started-at="2024-10-01T10:03:29 IST" name="launchApp" finished-at="2024-10-01T10:03:31 IST" duration-ms="2003" status="PASS">
          <reporter-output>
          </reporter-output>
        </test-method> <!-- launchApp -->
        <test-method signature="registerWithoutPrivacyCheckBoxTest()[pri:3, instance:Testcripts.RegisterTest@593aaf41]" started-at="2024-10-01T10:03:31 IST" name="registerWithoutPrivacyCheckBoxTest" finished-at="2024-10-01T10:03:37 IST" duration-ms="6602" status="PASS">
          <reporter-output>
          </reporter-output>
        </test-method> <!-- registerWithoutPrivacyCheckBoxTest -->
        <test-method is-config="true" signature="closeApp()[pri:0, instance:Testcripts.RegisterTest@593aaf41]" started-at="2024-10-01T10:03:37 IST" name="closeApp" finished-at="2024-10-01T10:03:38 IST" duration-ms="245" status="PASS">
          <reporter-output>
          </reporter-output>
        </test-method> <!-- closeApp -->
        <test-method is-config="true" signature="launchApp()[pri:0, instance:Testcripts.RegisterTest@593aaf41]" started-at="2024-10-01T10:03:38 IST" name="launchApp" finished-at="2024-10-01T10:03:39 IST" duration-ms="1935" status="PASS">
          <reporter-output>
          </reporter-output>
        </test-method> <!-- launchApp -->
        <test-method signature="registerWithUsedEmailTest()[pri:4, instance:Testcripts.RegisterTest@593aaf41]" started-at="2024-10-01T10:03:39 IST" name="registerWithUsedEmailTest" finished-at="2024-10-01T10:03:46 IST" duration-ms="6320" status="PASS">
          <reporter-output>
          </reporter-output>
        </test-method> <!-- registerWithUsedEmailTest -->
        <test-method is-config="true" signature="closeApp()[pri:0, instance:Testcripts.RegisterTest@593aaf41]" started-at="2024-10-01T10:03:46 IST" name="closeApp" finished-at="2024-10-01T10:03:46 IST" duration-ms="578" status="PASS">
          <reporter-output>
          </reporter-output>
        </test-method> <!-- closeApp -->
      </class> <!-- Testcripts.RegisterTest -->
    </test> <!-- Test -->
  </suite> <!-- Suite -->
</testng-results>
